# JRE version: Java(TM) SE Runtime Environment (8.0_91-b15) (build 1.8.0_91-b15)
# Java VM: Java HotSpot(TM) 64-Bit Server VM (25.91-b15 mixed mode windows-amd64 compressed oops)
Heap:
 PSYoungGen      total 166400K, used 86234K [0x00000000eab00000, 0x00000000f9d80000, 0x0000000100000000)
  eden space 140288K, 43% used [0x00000000eab00000,0x00000000ee5eeab8,0x00000000f3400000)
  from space 26112K, 99% used [0x00000000f8400000,0x00000000f9d47d50,0x00000000f9d80000)
  to   space 33792K, 0% used [0x00000000f5b80000,0x00000000f5b80000,0x00000000f7c80000)
 ParOldGen       total 80896K, used 46115K [0x00000000c0000000, 0x00000000c4f00000, 0x00000000eab00000)
  object space 80896K, 57% used [0x00000000c0000000,0x00000000c2d08d88,0x00000000c4f00000)
 Metaspace       used 6882K, capacity 7544K, committed 7680K, reserved 1056768K
  class space    used 643K, capacity 688K, committed 768K, reserved 1048576K
GC Heap History (10 events):
Event: 7.519 GC heap before
{Heap before GC invocations=7 (full 0):
 PSYoungGen      total 72192K, used 70376K [0x00000000eab00000, 0x00000000efe00000, 0x0000000100000000)
  eden space 62464K, 100% used [0x00000000eab00000,0x00000000ee800000,0x00000000ee800000)
  from space 9728K, 81% used [0x00000000ef280000,0x00000000efa3a2c8,0x00000000efc00000)
  to   space 10752K, 0% used [0x00000000ee800000,0x00000000ee800000,0x00000000ef280000)
 ParOldGen       total 42496K, used 13161K [0x00000000c0000000, 0x00000000c2980000, 0x00000000eab00000)
  object space 42496K, 30% used [0x00000000c0000000,0x00000000c0cda560,0x00000000c2980000)
 Metaspace       used 6342K, capacity 7154K, committed 7296K, reserved 1056768K
  class space    used 605K, capacity 618K, committed 640K, reserved 1048576K
Event: 7.711 GC heap after
Heap after GC invocations=7 (full 0):
 PSYoungGen      total 73216K, used 10741K [0x00000000eab00000, 0x00000000f4400000, 0x0000000100000000)
  eden space 62464K, 0% used [0x00000000eab00000,0x00000000eab00000,0x00000000ee800000)
  from space 10752K, 99% used [0x00000000ee800000,0x00000000ef27d660,0x00000000ef280000)
  to   space 15872K, 0% used [0x00000000f3480000,0x00000000f3480000,0x00000000f4400000)
 ParOldGen       total 42496K, used 19038K [0x00000000c0000000, 0x00000000c2980000, 0x00000000eab00000)
  object space 42496K, 44% used [0x00000000c0000000,0x00000000c1297ab0,0x00000000c2980000)
 Metaspace       used 6342K, capacity 7154K, committed 7296K, reserved 1056768K
  class space    used 605K, capacity 618K, committed 640K, reserved 1048576K
}
Event: 8.458 GC heap before
{Heap before GC invocations=8 (full 0):
 PSYoungGen      total 73216K, used 73205K [0x00000000eab00000, 0x00000000f4400000, 0x0000000100000000)
  eden space 62464K, 100% used [0x00000000eab00000,0x00000000ee800000,0x00000000ee800000)
  from space 10752K, 99% used [0x00000000ee800000,0x00000000ef27d660,0x00000000ef280000)
  to   space 15872K, 0% used [0x00000000f3480000,0x00000000f3480000,0x00000000f4400000)
 ParOldGen       total 42496K, used 19038K [0x00000000c0000000, 0x00000000c2980000, 0x00000000eab00000)
  object space 42496K, 44% used [0x00000000c0000000,0x00000000c1297ab0,0x00000000c2980000)
 Metaspace       used 6390K, capacity 7218K, committed 7296K, reserved 1056768K
  class space    used 605K, capacity 618K, committed 640K, reserved 1048576K
Event: 8.725 GC heap after
Heap after GC invocations=8 (full 0):
 PSYoungGen      total 135680K, used 15857K [0x00000000eab00000, 0x00000000f4e00000, 0x0000000100000000)
  eden space 119808K, 0% used [0x00000000eab00000,0x00000000eab00000,0x00000000f2000000)
  from space 15872K, 99% used [0x00000000f3480000,0x00000000f43fc6c8,0x00000000f4400000)
  to   space 20992K, 0% used [0x00000000f2000000,0x00000000f2000000,0x00000000f3480000)
 ParOldGen       total 42496K, used 24413K [0x00000000c0000000, 0x00000000c2980000, 0x00000000eab00000)
  object space 42496K, 57% used [0x00000000c0000000,0x00000000c17d7600,0x00000000c2980000)
 Metaspace       used 6390K, capacity 7218K, committed 7296K, reserved 1056768K
  class space    used 605K, capacity 618K, committed 640K, reserved 1048576K
}
Event: 13.001 GC heap before
{Heap before GC invocations=9 (full 0):
 PSYoungGen      total 135680K, used 135665K [0x00000000eab00000, 0x00000000f4e00000, 0x0000000100000000)
  eden space 119808K, 100% used [0x00000000eab00000,0x00000000f2000000,0x00000000f2000000)
  from space 15872K, 99% used [0x00000000f3480000,0x00000000f43fc6c8,0x00000000f4400000)
  to   space 20992K, 0% used [0x00000000f2000000,0x00000000f2000000,0x00000000f3480000)
 ParOldGen       total 42496K, used 24413K [0x00000000c0000000, 0x00000000c2980000, 0x00000000eab00000)
  object space 42496K, 57% used [0x00000000c0000000,0x00000000c17d7600,0x00000000c2980000)
 Metaspace       used 6564K, capacity 7256K, committed 7424K, reserved 1056768K
  class space    used 625K, capacity 656K, committed 768K, reserved 1048576K
Event: 13.688 GC heap after
Heap after GC invocations=9 (full 0):
 PSYoungGen      total 140800K, used 20972K [0x00000000eab00000, 0x00000000fa180000, 0x0000000100000000)
  eden space 119808K, 0% used [0x00000000eab00000,0x00000000eab00000,0x00000000f2000000)
  from space 20992K, 99% used [0x00000000f2000000,0x00000000f347b348,0x00000000f3480000)
  to   space 30208K, 0% used [0x00000000f8400000,0x00000000f8400000,0x00000000fa180000)
 ParOldGen       total 42496K, used 38025K [0x00000000c0000000, 0x00000000c2980000, 0x00000000eab00000)
  object space 42496K, 89% used [0x00000000c0000000,0x00000000c2522720,0x00000000c2980000)
 Metaspace       used 6564K, capacity 7256K, committed 7424K, reserved 1056768K
  class space    used 625K, capacity 656K, committed 768K, reserved 1048576K
}
Event: 13.688 GC heap before
{Heap before GC invocations=10 (full 1):
 PSYoungGen      total 140800K, used 20972K [0x00000000eab00000, 0x00000000fa180000, 0x0000000100000000)
  eden space 119808K, 0% used [0x00000000eab00000,0x00000000eab00000,0x00000000f2000000)
  from space 20992K, 99% used [0x00000000f2000000,0x00000000f347b348,0x00000000f3480000)
  to   space 30208K, 0% used [0x00000000f8400000,0x00000000f8400000,0x00000000fa180000)
 ParOldGen       total 42496K, used 38025K [0x00000000c0000000, 0x00000000c2980000, 0x00000000eab00000)
  object space 42496K, 89% used [0x00000000c0000000,0x00000000c2522720,0x00000000c2980000)
 Metaspace       used 6564K, capacity 7256K, committed 7424K, reserved 1056768K
  class space    used 625K, capacity 656K, committed 768K, reserved 1048576K
Event: 19.103 GC heap after
Heap after GC invocations=10 (full 1):
 PSYoungGen      total 140800K, used 11738K [0x00000000eab00000, 0x00000000fa180000, 0x0000000100000000)
  eden space 119808K, 0% used [0x00000000eab00000,0x00000000eab00000,0x00000000f2000000)
  from space 20992K, 55% used [0x00000000f2000000,0x00000000f2b76b70,0x00000000f3480000)
  to   space 30208K, 0% used [0x00000000f8400000,0x00000000f8400000,0x00000000fa180000)
 ParOldGen       total 80896K, used 42187K [0x00000000c0000000, 0x00000000c4f00000, 0x00000000eab00000)
  object space 80896K, 52% used [0x00000000c0000000,0x00000000c2932d88,0x00000000c4f00000)
 Metaspace       used 6564K, capacity 7256K, committed 7424K, reserved 1056768K
  class space    used 625K, capacity 656K, committed 768K, reserved 1048576K
}
Event: 23.796 GC heap before
{Heap before GC invocations=11 (full 1):
 PSYoungGen      total 140800K, used 131546K [0x00000000eab00000, 0x00000000fa180000, 0x0000000100000000)
  eden space 119808K, 100% used [0x00000000eab00000,0x00000000f2000000,0x00000000f2000000)
  from space 20992K, 55% used [0x00000000f2000000,0x00000000f2b76b70,0x00000000f3480000)
  to   space 30208K, 0% used [0x00000000f8400000,0x00000000f8400000,0x00000000fa180000)
 ParOldGen       total 80896K, used 42187K [0x00000000c0000000, 0x00000000c4f00000, 0x00000000eab00000)
  object space 80896K, 52% used [0x00000000c0000000,0x00000000c2932d88,0x00000000c4f00000)
 Metaspace       used 6568K, capacity 7256K, committed 7424K, reserved 1056768K
  class space    used 625K, capacity 656K, committed 768K, reserved 1048576K
Event: 24.661 GC heap after
Heap after GC invocations=11 (full 1):
 PSYoungGen      total 166400K, used 25887K [0x00000000eab00000, 0x00000000f9d80000, 0x0000000100000000)
  eden space 140288K, 0% used [0x00000000eab00000,0x00000000eab00000,0x00000000f3400000)
  from space 26112K, 99% used [0x00000000f8400000,0x00000000f9d47d50,0x00000000f9d80000)
  to   space 33792K, 0% used [0x00000000f5b80000,0x00000000f5b80000,0x00000000f7c80000)
 ParOldGen       total 80896K, used 46115K [0x00000000c0000000, 0x00000000c4f00000, 0x00000000eab00000)
  object space 80896K, 57% used [0x00000000c0000000,0x00000000c2d08d88,0x00000000c4f00000)
 Metaspace       used 6568K, capacity 7256K, committed 7424K, reserved 1056768K
  class space    used 625K, capacity 656K, committed 768K, reserved 1048576K
}

